<?xml version="1.0" encoding="UTF-8"?>
<testsuite name="DeckTest" tests="1" skipped="0" failures="0" errors="0" timestamp="2017-11-19T20:42:17" hostname="DESKTOP-RMT6C73" time="0.002">
  <properties/>
  <testcase name="testShuffle" classname="DeckTest" time="0.002"/>
  <system-out><![CDATA[]]></system-out>
  <system-err><![CDATA[]]></system-err>
</testsuite>
